1495592579864	geckodriver	INFO	Listening on 127.0.0.1:47437
1495592581102	geckodriver::marionette	INFO	Starting browser /usr/lib/firefox/firefox.sh with args ["-marionette"]
1495592588575	Marionette	INFO	Listening on port 45348
1495592588817	Marionette	WARN	TLS certificate errors will be ignored for this session
1495593399983	geckodriver	INFO	Listening on 127.0.0.1:53934
1495593401225	geckodriver::marionette	INFO	Starting browser /usr/lib/firefox/firefox.sh with args ["-marionette"]
1495593408914	Marionette	INFO	Listening on port 37945
1495593409057	Marionette	WARN	TLS certificate errors will be ignored for this session
1495593410695	Marionette	INFO	New connections will no longer be accepted
1495598054014	geckodriver	INFO	Listening on 127.0.0.1:49653
1495598055250	geckodriver::marionette	INFO	Starting browser /usr/lib/firefox/firefox.sh with args ["-marionette"]
1495598062625	Marionette	INFO	Listening on port 34895
1495598062848	Marionette	WARN	TLS certificate errors will be ignored for this session
1495598064078	Marionette	INFO	New connections will no longer be accepted
[Child 29702] WARNING: pipe error (3): Connection reset by peer: file /build/firefox-Bfa80d/firefox-53.0.2+linuxmint1+sonya/ipc/chromium/src/chrome/common/ipc_channel_posix.cc, line 346
[GFX1-]: Receive IPC close with reason=AbnormalShutdown
1495598779313	geckodriver	INFO	Listening on 127.0.0.1:59224
1495598780554	geckodriver::marionette	INFO	Starting browser /usr/lib/firefox/firefox.sh with args ["-marionette"]
1495598787961	Marionette	INFO	Listening on port 33030
1495598788176	Marionette	WARN	TLS certificate errors will be ignored for this session
1495598789439	Marionette	INFO	New connections will no longer be accepted
[Child 29966] WARNING: pipe error (3): Connection reset by peer: file /build/firefox-Bfa80d/firefox-53.0.2+linuxmint1+sonya/ipc/chromium/src/chrome/common/ipc_channel_posix.cc, line 346
1495607641281	geckodriver	INFO	Listening on 127.0.0.1:40509
1495607641500	geckodriver::marionette	INFO	Starting browser /usr/lib/firefox/firefox.sh with args ["-marionette"]
1495607649026	Marionette	INFO	Listening on port 43374
1495607649251	Marionette	WARN	TLS certificate errors will be ignored for this session
1495607651779	Marionette	INFO	New connections will no longer be accepted
[Child 1025] WARNING: pipe error (3): Connection reset by peer: file /build/firefox-Bfa80d/firefox-53.0.2+linuxmint1+sonya/ipc/chromium/src/chrome/common/ipc_channel_posix.cc, line 346
1495607683139	geckodriver	INFO	Listening on 127.0.0.1:40912
1495607684376	geckodriver::marionette	INFO	Starting browser /usr/lib/firefox/firefox.sh with args ["-marionette"]
1495607691543	Marionette	INFO	Listening on port 41740
1495607691841	Marionette	WARN	TLS certificate errors will be ignored for this session
1495607693923	Marionette	INFO	New connections will no longer be accepted
[GFX1-]: Receive IPC close with reason=AbnormalShutdown
[Child 1140] WARNING: pipe error (3): Connection reset by peer: file /build/firefox-Bfa80d/firefox-53.0.2+linuxmint1+sonya/ipc/chromium/src/chrome/common/ipc_channel_posix.cc, line 346
1495607788845	geckodriver	INFO	Listening on 127.0.0.1:48069
1495607790074	geckodriver::marionette	INFO	Starting browser /usr/lib/firefox/firefox.sh with args ["-marionette"]
1495607797100	Marionette	INFO	Listening on port 41140
1495607797606	Marionette	WARN	TLS certificate errors will be ignored for this session
1495607799102	Marionette	INFO	New connections will no longer be accepted
[Child 1260] WARNING: pipe error (3): Connection reset by peer: file /build/firefox-Bfa80d/firefox-53.0.2+linuxmint1+sonya/ipc/chromium/src/chrome/common/ipc_channel_posix.cc, line 346
1495692244579	geckodriver	INFO	Listening on 127.0.0.1:45809
1495692245797	geckodriver::marionette	INFO	Starting browser /usr/lib/firefox/firefox.sh with args ["-marionette"]
1495692257758	Marionette	INFO	Listening on port 40326
1495692257895	Marionette	WARN	TLS certificate errors will be ignored for this session
1495692259758	Marionette	INFO	New connections will no longer be accepted
1495692291075	geckodriver	INFO	Listening on 127.0.0.1:39178
1495692292284	geckodriver::marionette	INFO	Starting browser /usr/lib/firefox/firefox.sh with args ["-marionette"]
1495692299714	Marionette	INFO	Listening on port 37744
1495692299843	Marionette	WARN	TLS certificate errors will be ignored for this session
1495692301422	Marionette	INFO	New connections will no longer be accepted
1495692445696	geckodriver	INFO	Listening on 127.0.0.1:57988
1495692446930	geckodriver::marionette	INFO	Starting browser /usr/lib/firefox/firefox.sh with args ["-marionette"]
1495692453822	Marionette	INFO	Listening on port 36539
1495692454367	Marionette	WARN	TLS certificate errors will be ignored for this session
1495692457070	Marionette	INFO	New connections will no longer be accepted
[Child 14043] WARNING: pipe error (3): Connection reset by peer: file /build/firefox-Bfa80d/firefox-53.0.2+linuxmint1+sonya/ipc/chromium/src/chrome/common/ipc_channel_posix.cc, line 346
1495692489713	geckodriver	INFO	Listening on 127.0.0.1:48183
1495692490952	geckodriver::marionette	INFO	Starting browser /usr/lib/firefox/firefox.sh with args ["-marionette"]
1495692497803	Marionette	INFO	Listening on port 37043
1495692497925	Marionette	WARN	TLS certificate errors will be ignored for this session
1495692501207	Marionette	INFO	New connections will no longer be accepted
1495692583755	geckodriver	INFO	Listening on 127.0.0.1:38449
1495692584991	geckodriver::marionette	INFO	Starting browser /usr/lib/firefox/firefox.sh with args ["-marionette"]
1495692592297	Marionette	INFO	Listening on port 36360
1495692592409	Marionette	WARN	TLS certificate errors will be ignored for this session
1495692595283	Marionette	INFO	New connections will no longer be accepted
[Child 14289] WARNING: pipe error (29): Connection reset by peer: file /build/firefox-Bfa80d/firefox-53.0.2+linuxmint1+sonya/ipc/chromium/src/chrome/common/ipc_channel_posix.cc, line 346
1495696418265	geckodriver	INFO	Listening on 127.0.0.1:40775
1495696419545	geckodriver::marionette	INFO	Starting browser /usr/lib/firefox/firefox.sh with args ["-marionette"]
1495696427153	Marionette	INFO	Listening on port 37159
1495696427640	Marionette	WARN	TLS certificate errors will be ignored for this session
1495696431586	Marionette	INFO	New connections will no longer be accepted
[Child 16728] WARNING: pipe error (3): Connection reset by peer: file /build/firefox-Bfa80d/firefox-53.0.2+linuxmint1+sonya/ipc/chromium/src/chrome/common/ipc_channel_posix.cc, line 346
1495696694408	geckodriver	INFO	Listening on 127.0.0.1:40556
1495696695723	geckodriver::marionette	INFO	Starting browser /usr/lib/firefox/firefox.sh with args ["-marionette"]
1495696703692	Marionette	INFO	Listening on port 35710
1495696703961	Marionette	WARN	TLS certificate errors will be ignored for this session
1495696716682	Marionette	INFO	New connections will no longer be accepted
1495697263077	geckodriver	INFO	Listening on 127.0.0.1:36341
1495697264421	geckodriver::marionette	INFO	Starting browser /usr/lib/firefox/firefox.sh with args ["-marionette"]
1495697272340	Marionette	INFO	Listening on port 33857
1495697272697	Marionette	WARN	TLS certificate errors will be ignored for this session
1495697286032	Marionette	INFO	New connections will no longer be accepted
1495698515976	geckodriver	INFO	Listening on 127.0.0.1:43249
1495698517251	geckodriver::marionette	INFO	Starting browser /usr/lib/firefox/firefox.sh with args ["-marionette"]
1495698525417	Marionette	INFO	Listening on port 39880
1495698525867	Marionette	WARN	TLS certificate errors will be ignored for this session
1495698527917	Marionette	INFO	New connections will no longer be accepted
[Child 19065] WARNING: pipe error (3): Connection reset by peer: file /build/firefox-Bfa80d/firefox-53.0.2+linuxmint1+sonya/ipc/chromium/src/chrome/common/ipc_channel_posix.cc, line 346
[GFX1-]: Receive IPC close with reason=AbnormalShutdown
1495698613705	geckodriver	INFO	Listening on 127.0.0.1:48274
1495698614941	geckodriver::marionette	INFO	Starting browser /usr/lib/firefox/firefox.sh with args ["-marionette"]
1495698622281	Marionette	INFO	Listening on port 45615
1495698622510	Marionette	WARN	TLS certificate errors will be ignored for this session
1495698626051	Marionette	INFO	New connections will no longer be accepted
1495895488975	geckodriver	INFO	Listening on 127.0.0.1:54981
1495895490871	geckodriver::marionette	INFO	Starting browser /usr/bin/firefox with args ["-marionette"]
1495895495319	Marionette	INFO	Listening on port 40607
1495895495403	Marionette	WARN	TLS certificate errors will be ignored for this session
1495895496987	Marionette	INFO	New connections will no longer be accepted
[Child 4439] WARNING: pipe error (3): Connection reset by peer: file /build/firefox/src/mozilla-unified/ipc/chromium/src/chrome/common/ipc_channel_posix.cc, line 346
1495895562896	geckodriver	INFO	Listening on 127.0.0.1:53291
1495895563967	geckodriver::marionette	INFO	Starting browser /usr/bin/firefox with args ["-marionette"]
1495895565323	Marionette	INFO	Listening on port 38125
1495895565386	Marionette	WARN	TLS certificate errors will be ignored for this session
1495895566969	Marionette	INFO	New connections will no longer be accepted
1495923731343	geckodriver	INFO	Listening on 127.0.0.1:60699
1495923732415	geckodriver::marionette	INFO	Starting browser /usr/bin/firefox with args ["-marionette"]
1495923733751	Marionette	INFO	Listening on port 40743
1495923733856	Marionette	WARN	TLS certificate errors will be ignored for this session
1495923735380	Marionette	INFO	New connections will no longer be accepted
1495924014274	geckodriver	INFO	Listening on 127.0.0.1:53693
1495924015370	geckodriver::marionette	INFO	Starting browser /usr/bin/firefox with args ["-marionette"]
1495924016689	Marionette	INFO	Listening on port 35495
1495924016795	Marionette	WARN	TLS certificate errors will be ignored for this session
1495924018334	Marionette	INFO	New connections will no longer be accepted
[Child 9172] WARNING: pipe error (3): Connection reset by peer: file /build/firefox/src/mozilla-unified/ipc/chromium/src/chrome/common/ipc_channel_posix.cc, line 346
1495924135820	geckodriver	INFO	Listening on 127.0.0.1:49863
1495924136918	geckodriver::marionette	INFO	Starting browser /usr/bin/firefox with args ["-marionette"]
1495924138261	Marionette	INFO	Listening on port 45043
1495924138341	Marionette	WARN	TLS certificate errors will be ignored for this session
1495924139917	Marionette	INFO	New connections will no longer be accepted
[Child 9323] WARNING: pipe error (3): Connection reset by peer: file /build/firefox/src/mozilla-unified/ipc/chromium/src/chrome/common/ipc_channel_posix.cc, line 346
1495924386371	geckodriver	INFO	Listening on 127.0.0.1:55541
1495924387441	geckodriver::marionette	INFO	Starting browser /usr/bin/firefox with args ["-marionette"]
1495924388717	Marionette	INFO	Listening on port 34845
1495924388765	Marionette	WARN	TLS certificate errors will be ignored for this session
1495924391489	Marionette	INFO	New connections will no longer be accepted
[Child 9501] WARNING: pipe error (3): Connection reset by peer: file /build/firefox/src/mozilla-unified/ipc/chromium/src/chrome/common/ipc_channel_posix.cc, line 346
1495926060127	geckodriver	INFO	Listening on 127.0.0.1:38825
1495926061196	geckodriver::marionette	INFO	Starting browser /usr/bin/firefox with args ["-marionette"]
1495926062536	Marionette	INFO	Listening on port 41229
1495926062615	Marionette	WARN	TLS certificate errors will be ignored for this session
1495926065309	Marionette	INFO	New connections will no longer be accepted
[Child 10249] WARNING: pipe error (3): Connection reset by peer: file /build/firefox/src/mozilla-unified/ipc/chromium/src/chrome/common/ipc_channel_posix.cc, line 346
1496098602408	geckodriver	INFO	Listening on 127.0.0.1:43965
1496098605038	geckodriver::marionette	INFO	Starting browser /usr/bin/firefox with args ["-marionette"]
1496098610529	Marionette	INFO	Listening on port 42935
1496098610631	Marionette	WARN	TLS certificate errors will be ignored for this session
1496098611351	Marionette	INFO	New connections will no longer be accepted
[Child 4070] WARNING: pipe error (3): Connection reset by peer: file /build/firefox/src/mozilla-unified/ipc/chromium/src/chrome/common/ipc_channel_posix.cc, line 346
1496098916025	geckodriver	INFO	Listening on 127.0.0.1:34039
1496098917094	geckodriver::marionette	INFO	Starting browser /usr/bin/firefox with args ["-marionette"]
1496098918382	Marionette	INFO	Listening on port 45219
1496098918424	Marionette	WARN	TLS certificate errors will be ignored for this session
1496098920235	Marionette	INFO	New connections will no longer be accepted
[Child 4419] WARNING: pipe error (3): Connection reset by peer: file /build/firefox/src/mozilla-unified/ipc/chromium/src/chrome/common/ipc_channel_posix.cc, line 346
1496099423682	geckodriver	INFO	Listening on 127.0.0.1:35701
1496099424753	geckodriver::marionette	INFO	Starting browser /usr/bin/firefox with args ["-marionette"]
1496099426107	Marionette	INFO	Listening on port 40699
1496099426176	Marionette	WARN	TLS certificate errors will be ignored for this session
1496099427757	Marionette	INFO	New connections will no longer be accepted
1496099618287	geckodriver	INFO	Listening on 127.0.0.1:47397
1496099619359	geckodriver::marionette	INFO	Starting browser /usr/bin/firefox with args ["-marionette"]
1496099620656	Marionette	INFO	Listening on port 41365
1496099620702	Marionette	WARN	TLS certificate errors will be ignored for this session
1496099621323	Marionette	INFO	New connections will no longer be accepted
1496099723626	geckodriver	INFO	Listening on 127.0.0.1:35949
1496099724722	geckodriver::marionette	INFO	Starting browser /usr/bin/firefox with args ["-marionette"]
1496099725993	Marionette	INFO	Listening on port 44073
1496099726056	Marionette	WARN	TLS certificate errors will be ignored for this session
1496099727633	Marionette	INFO	New connections will no longer be accepted
[Child 5257] WARNING: pipe error (3): Connection reset by peer: file /build/firefox/src/mozilla-unified/ipc/chromium/src/chrome/common/ipc_channel_posix.cc, line 346
1496099761746	geckodriver	INFO	Listening on 127.0.0.1:36021
1496099762819	geckodriver::marionette	INFO	Starting browser /usr/bin/firefox with args ["-marionette"]
1496099764150	Marionette	INFO	Listening on port 45813
1496099764235	Marionette	WARN	TLS certificate errors will be ignored for this session
1496099765788	Marionette	INFO	New connections will no longer be accepted
1496099790099	geckodriver	INFO	Listening on 127.0.0.1:57419
1496099791198	geckodriver::marionette	INFO	Starting browser /usr/bin/firefox with args ["-marionette"]
1496099792515	Marionette	INFO	Listening on port 37933
1496099792616	Marionette	WARN	TLS certificate errors will be ignored for this session
1496099794115	Marionette	INFO	New connections will no longer be accepted
1496099893283	geckodriver	INFO	Listening on 127.0.0.1:32959
1496099894353	geckodriver::marionette	INFO	Starting browser /usr/bin/firefox with args ["-marionette"]
1496099895640	Marionette	INFO	Listening on port 44011
1496099895684	Marionette	WARN	TLS certificate errors will be ignored for this session
1496099897291	Marionette	INFO	New connections will no longer be accepted
[Child 5802] WARNING: pipe error (3): Connection reset by peer: file /build/firefox/src/mozilla-unified/ipc/chromium/src/chrome/common/ipc_channel_posix.cc, line 346
1496100050339	geckodriver	INFO	Listening on 127.0.0.1:55545
1496100051410	geckodriver::marionette	INFO	Starting browser /usr/bin/firefox with args ["-marionette"]
1496100052711	Marionette	INFO	Listening on port 45285
1496100052752	Marionette	WARN	TLS certificate errors will be ignored for this session
1496100054335	Marionette	INFO	New connections will no longer be accepted
[Child 5965] WARNING: pipe error (3): Connection reset by peer: file /build/firefox/src/mozilla-unified/ipc/chromium/src/chrome/common/ipc_channel_posix.cc, line 346
1496100736687	geckodriver	INFO	Listening on 127.0.0.1:34973
1496100737784	geckodriver::marionette	INFO	Starting browser /usr/bin/firefox with args ["-marionette"]
1496100739093	Marionette	INFO	Listening on port 42447
1496100739202	Marionette	WARN	TLS certificate errors will be ignored for this session
1496100739766	Marionette	INFO	New connections will no longer be accepted
1496101032745	geckodriver	INFO	Listening on 127.0.0.1:60107
1496101033842	geckodriver::marionette	INFO	Starting browser /usr/bin/firefox with args ["-marionette"]
1496101035113	Marionette	INFO	Listening on port 37453
1496101035213	Marionette	WARN	TLS certificate errors will be ignored for this session
1496101035621	Marionette	INFO	New connections will no longer be accepted
[Child 6505] WARNING: pipe error (17): Connection reset by peer: file /build/firefox/src/mozilla-unified/ipc/chromium/src/chrome/common/ipc_channel_posix.cc, line 346
1496101057174	geckodriver	INFO	Listening on 127.0.0.1:51667
1496101058244	geckodriver::marionette	INFO	Starting browser /usr/bin/firefox with args ["-marionette"]
1496101059542	Marionette	INFO	Listening on port 39255
1496101059587	Marionette	WARN	TLS certificate errors will be ignored for this session
1496101061192	Marionette	INFO	New connections will no longer be accepted
[Child 6643] WARNING: pipe error (3): Connection reset by peer: file /build/firefox/src/mozilla-unified/ipc/chromium/src/chrome/common/ipc_channel_posix.cc, line 346
1496101194201	geckodriver	INFO	Listening on 127.0.0.1:54055
1496101195273	geckodriver::marionette	INFO	Starting browser /usr/bin/firefox with args ["-marionette"]
1496101196545	Marionette	INFO	Listening on port 33211
1496101196604	Marionette	WARN	TLS certificate errors will be ignored for this session
1496101199353	Marionette	INFO	New connections will no longer be accepted
1496101267434	geckodriver	INFO	Listening on 127.0.0.1:47651
1496101268505	geckodriver::marionette	INFO	Starting browser /usr/bin/firefox with args ["-marionette"]
1496101269741	Marionette	INFO	Listening on port 41091
1496101269835	Marionette	WARN	TLS certificate errors will be ignored for this session
1496101272517	Marionette	INFO	New connections will no longer be accepted
[Child 6935] WARNING: pipe error (3): Connection reset by peer: file /build/firefox/src/mozilla-unified/ipc/chromium/src/chrome/common/ipc_channel_posix.cc, line 346
1496101273652	geckodriver	INFO	Listening on 127.0.0.1:53855
1496101274721	geckodriver::marionette	INFO	Starting browser /usr/bin/firefox with args ["-marionette"]
1496101275950	Marionette	INFO	Listening on port 42223
1496101276048	Marionette	WARN	TLS certificate errors will be ignored for this session
1496101278766	Marionette	INFO	New connections will no longer be accepted
[Child 7070] WARNING: pipe error (3): Connection reset by peer: file /build/firefox/src/mozilla-unified/ipc/chromium/src/chrome/common/ipc_channel_posix.cc, line 346
1496175689378	geckodriver	INFO	Listening on 127.0.0.1:60061
1496175691375	geckodriver::marionette	INFO	Starting browser /usr/bin/firefox with args ["-marionette"]
1496175696411	Marionette	INFO	Listening on port 39009
1496175696510	Marionette	WARN	TLS certificate errors will be ignored for this session
1496175699366	Marionette	INFO	New connections will no longer be accepted
1496175729125	geckodriver	INFO	Listening on 127.0.0.1:33121
1496175730198	geckodriver::marionette	INFO	Starting browser /usr/bin/firefox with args ["-marionette"]
1496175731516	Marionette	INFO	Listening on port 46087
1496175731620	Marionette	WARN	TLS certificate errors will be ignored for this session
1496175734388	Marionette	INFO	New connections will no longer be accepted
1496175735453	geckodriver	INFO	Listening on 127.0.0.1:55129
1496175736555	geckodriver::marionette	INFO	Starting browser /usr/bin/firefox with args ["-marionette"]
1496175737879	Marionette	INFO	Listening on port 34545
1496175737981	Marionette	WARN	TLS certificate errors will be ignored for this session
1496175740613	Marionette	INFO	New connections will no longer be accepted
1496175892528	geckodriver	INFO	Listening on 127.0.0.1:33627
1496175893598	geckodriver::marionette	INFO	Starting browser /usr/bin/firefox with args ["-marionette"]
1496175894911	Marionette	INFO	Listening on port 43907
1496175895012	Marionette	WARN	TLS certificate errors will be ignored for this session
1496175897658	Marionette	INFO	New connections will no longer be accepted
1496176153235	geckodriver	INFO	Listening on 127.0.0.1:49531
1496176154302	geckodriver::marionette	INFO	Starting browser /usr/bin/firefox with args ["-marionette"]
1496176155597	Marionette	INFO	Listening on port 46235
1496176155634	Marionette	WARN	TLS certificate errors will be ignored for this session
1496176156144	Marionette	INFO	New connections will no longer be accepted
[Child 5748] WARNING: pipe error (17): Connection reset by peer: file /build/firefox/src/mozilla-unified/ipc/chromium/src/chrome/common/ipc_channel_posix.cc, line 346
1496177821195	geckodriver	INFO	Listening on 127.0.0.1:56445
1496177822264	geckodriver::marionette	INFO	Starting browser /usr/bin/firefox with args ["-marionette"]
1496177823571	Marionette	INFO	Listening on port 38689
1496177823679	Marionette	WARN	TLS certificate errors will be ignored for this session
1496177824119	Marionette	INFO	New connections will no longer be accepted
1496177873767	geckodriver	INFO	Listening on 127.0.0.1:39875
1496177874839	geckodriver::marionette	INFO	Starting browser /usr/bin/firefox with args ["-marionette"]
1496177876124	Marionette	INFO	Listening on port 34313
1496177876168	Marionette	WARN	TLS certificate errors will be ignored for this session
1496177877922	Marionette	INFO	New connections will no longer be accepted
1496177929930	geckodriver	INFO	Listening on 127.0.0.1:57009
1496177931026	geckodriver::marionette	INFO	Starting browser /usr/bin/firefox with args ["-marionette"]
1496177932332	Marionette	INFO	Listening on port 45221
1496177932439	Marionette	WARN	TLS certificate errors will be ignored for this session
1496177943304	Marionette	INFO	New connections will no longer be accepted
[Child 6440] WARNING: pipe error (3): Connection reset by peer: file /build/firefox/src/mozilla-unified/ipc/chromium/src/chrome/common/ipc_channel_posix.cc, line 346
1496177981977	geckodriver	INFO	Listening on 127.0.0.1:44991
1496177983049	geckodriver::marionette	INFO	Starting browser /usr/bin/firefox with args ["-marionette"]
1496177984423	Marionette	INFO	Listening on port 41155
1496177984468	Marionette	WARN	TLS certificate errors will be ignored for this session
1496177995253	Marionette	INFO	New connections will no longer be accepted
[Child 6590] WARNING: pipe error (3): Connection reset by peer: file /build/firefox/src/mozilla-unified/ipc/chromium/src/chrome/common/ipc_channel_posix.cc, line 346
1496178012271	geckodriver	INFO	Listening on 127.0.0.1:34925
1496178013341	geckodriver::marionette	INFO	Starting browser /usr/bin/firefox with args ["-marionette"]
1496178014657	Marionette	INFO	Listening on port 44263
1496178014754	Marionette	WARN	TLS certificate errors will be ignored for this session
1496178016455	Marionette	INFO	New connections will no longer be accepted
1496287159133	geckodriver	INFO	Listening on 127.0.0.1:52387
1496287161105	geckodriver::marionette	INFO	Starting browser /usr/bin/firefox with args ["-marionette"]
1496287165547	Marionette	INFO	Listening on port 35953
1496287165642	Marionette	WARN	TLS certificate errors will be ignored for this session
1496287167634	Marionette	INFO	New connections will no longer be accepted
1496287167743	geckodriver	INFO	Listening on 127.0.0.1:51825
1496287168841	geckodriver::marionette	INFO	Starting browser /usr/bin/firefox with args ["-marionette"]
1496287170272	Marionette	INFO	Listening on port 44227
1496287170390	Marionette	WARN	TLS certificate errors will be ignored for this session
1496287171473	Marionette	INFO	New connections will no longer be accepted
